[2018-04-27 11:41:19] Assignement 1.INFO: Requested info about:  [] []
[2018-04-27 11:42:35] Assignement 1.INFO: Requested info about: 1 [] []
[2018-04-27 11:43:44] Assignement 1.INFO: Requested info about:  [] []
[2018-04-27 11:44:39] Assignement 1.INFO: Requested info about: Mulfläckad enhörning [] []
[2018-04-27 11:45:08] Assignement 1.INFO: Requested info about: Mulfläckad enhörning [] []
[2018-04-27 11:45:24] Assignement 1.INFO: Requested info about: Nordsvensk travhörning [] []
[2018-04-27 11:45:40] Assignement 1.INFO: Requested info about all unicorns [] []
[2018-04-27 11:45:44] Assignement 1.INFO: Requested info about:  [] []
[2018-04-27 11:45:54] Assignement 1.INFO: Requested info about:  [] []
[2018-04-27 11:46:43] Assignement 1.INFO: Requested info about: Småväxt enhörning [] []
[2018-04-27 11:47:33] Assignement 1.INFO: Requested info about all unicorns [] []
[2018-05-02 16:38:35] Assignement 1.INFO: Requested info about all unicorns [] []
[2018-05-02 16:38:40] Assignement 1.INFO: Requested info about: Mulfläckad enhörning [] []
[2018-05-02 16:39:49] Assignement 1.INFO: Requested info about all unicorns [] []
[2018-05-02 16:45:14] Assignement 1.INFO: Requested info about all unicorns [] []
[2018-05-02 16:45:15] Assignement 1.INFO: Requested info about all unicorns [] []
[2018-05-02 16:50:09] Assignement 1.INFO: Requested info about: Mulfläckad enhörning [] []
[2018-05-02 16:50:33] Assignement 1.INFO: Requested info about all unicorns [] []
[2018-05-02 16:51:00] Assignement 1.INFO: Requested info about all unicorns [] []
[2018-05-02 16:51:03] Assignement 1.INFO: Requested info about all unicorns [] []
[2018-05-02 16:51:05] Assignement 1.INFO: Requested info about all unicorns [] []
[2018-05-02 16:51:19] Assignement 1.INFO: Requested info about all unicorns [] []
[2018-05-02 16:51:34] Assignement 1.INFO: Requested info about all unicorns [] []
[2018-05-02 16:53:07] Assignement 1.INFO: Requested info about all unicorns [] []
[2018-05-02 16:53:07] Assignement 1.INFO: Requested info about all unicorns [] []
[2018-05-02 16:54:15] Assignement 1.INFO: Requested info about all unicorns [] []
[2018-05-02 16:54:20] Assignement 1.INFO: Requested info about: Mulfläckad enhörning [] []
[2018-05-02 16:54:21] Assignement 1.INFO: Requested info about all unicorns [] []
[2018-05-02 16:54:26] Assignement 1.INFO: Requested info about: Nordsvensk travhörning [] []
[2018-05-02 16:54:28] Assignement 1.INFO: Requested info about all unicorns [] []
[2018-05-02 16:56:10] Assignement 1.INFO: Requested info about all unicorns [] []
[2018-05-02 16:57:51] Assignement 1.INFO: Requested info about all unicorns [] []
[2018-05-02 16:58:19] Assignement 1.INFO: Requested info about all unicorns [] []
[2018-05-02 16:58:21] Assignement 1.INFO: Requested info about all unicorns [] []
[2018-05-02 16:58:31] Assignement 1.INFO: Requested info about all unicorns [] []
[2018-05-02 16:58:35] Assignement 1.INFO: Requested info about all unicorns [] []
[2018-05-02 16:58:47] Assignement 1.INFO: Requested info about all unicorns [] []
[2018-05-02 17:00:11] Assignement 1.INFO: Requested info about all unicorns [] []
[2018-05-02 17:02:53] Assignement 1.INFO: Requested info about all unicorns [] []
[2018-05-02 17:03:01] Assignement 1.INFO: Requested info about all unicorns [] []
[2018-05-02 17:03:06] Assignement 1.INFO: Requested info about all unicorns [] []
[2018-05-02 17:03:07] Assignement 1.INFO: Requested info about all unicorns [] []
[2018-05-02 17:03:10] Assignement 1.INFO: Requested info about all unicorns [] []
[2018-05-02 17:03:19] Assignement 1.INFO: Requested info about all unicorns [] []
[2018-05-02 17:03:20] Assignement 1.INFO: Requested info about all unicorns [] []
[2018-05-02 17:03:22] Assignement 1.INFO: Requested info about all unicorns [] []
[2018-05-02 17:03:27] Assignement 1.INFO: Requested info about: Mulfläckad enhörning [] []
[2018-05-02 17:03:28] Assignement 1.INFO: Requested info about all unicorns [] []
[2018-05-02 17:03:45] Assignement 1.INFO: Requested info about all unicorns [] []
[2018-05-02 17:03:50] Assignement 1.INFO: Requested info about all unicorns [] []
[2018-05-02 17:04:24] Assignement 1.INFO: Requested info about all unicorns [] []
[2018-05-02 17:05:21] Assignement 1.INFO: Requested info about all unicorns [] []
[2018-05-02 17:05:23] Assignement 1.INFO: Requested info about all unicorns [] []
[2018-05-02 17:05:49] Assignement 1.INFO: Requested info about all unicorns [] []
[2018-05-02 17:05:51] Assignement 1.INFO: Requested info about all unicorns [] []
[2018-05-02 17:05:51] Assignement 1.INFO: Requested info about all unicorns [] []
[2018-05-02 17:05:52] Assignement 1.INFO: Requested info about all unicorns [] []
[2018-05-02 17:05:56] Assignement 1.INFO: Requested info about all unicorns [] []
[2018-05-02 17:06:03] Assignement 1.INFO: Requested info about all unicorns [] []
[2018-05-02 17:12:39] Assignement 1.INFO: Requested info about all unicorns [] []
[2018-05-02 17:13:05] Assignement 1.INFO: Requested info about all unicorns [] []
[2018-05-02 17:13:15] Assignement 1.INFO: Requested info about all unicorns [] []
[2018-05-02 17:13:22] Assignement 1.INFO: Requested info about all unicorns [] []
[2018-05-02 17:13:25] Assignement 1.INFO: Requested info about all unicorns [] []
[2018-05-02 17:13:29] Assignement 1.INFO: Requested info about all unicorns [] []
[2018-05-02 17:19:58] Assignement 1.INFO: Requested info about all unicorns [] []
[2018-05-02 17:20:29] Assignement 1.INFO: Requested info about all unicorns [] []
[2018-05-02 17:21:38] Assignement 1.INFO: Requested info about all unicorns [] []
[2018-05-02 17:21:44] Assignement 1.INFO: Requested info about all unicorns [] []
[2018-05-02 17:21:47] Assignement 1.INFO: Requested info about: Mulfläckad enhörning [] []
[2018-05-02 17:21:49] Assignement 1.INFO: Requested info about all unicorns [] []
[2018-05-02 17:25:02] Assignement 1.INFO: Requested info about all unicorns [] []
[2018-05-02 17:25:54] Assignement 1.INFO: Requested info about all unicorns [] []
[2018-05-02 17:26:21] Assignement 1.INFO: Requested info about all unicorns [] []
[2018-05-02 17:26:24] Assignement 1.INFO: Requested info about: Mulfläckad enhörning [] []
[2018-05-02 17:26:27] Assignement 1.INFO: Requested info about all unicorns [] []
[2018-05-02 17:30:24] Assignement 1.INFO: Requested info about all unicorns [] []
[2018-05-02 17:30:30] Assignement 1.INFO: Requested info about all unicorns [] []
[2018-05-02 17:30:31] Assignement 1.INFO: Requested info about:  [] []
[2018-05-02 17:30:42] Assignement 1.INFO: Requested info about all unicorns [] []
[2018-05-02 17:30:44] Assignement 1.INFO: Requested info about:  [] []
[2018-05-02 17:31:00] Assignement 1.INFO: Requested info about: Nordsvensk travhörning [] []
[2018-05-02 17:31:02] Assignement 1.INFO: Requested info about all unicorns [] []
[2018-05-02 17:31:03] Assignement 1.INFO: Requested info about:  [] []
[2018-05-02 17:31:24] Assignement 1.INFO: Requested info about all unicorns [] []
[2018-05-02 17:31:26] Assignement 1.INFO: Requested info about:  [] []
[2018-05-02 17:31:38] Assignement 1.INFO: Requested info about all unicorns [] []
[2018-05-02 17:31:39] Assignement 1.INFO: Requested info about:  [] []
[2018-05-02 17:31:44] Assignement 1.INFO: Requested info about:  [] []
[2018-05-02 17:32:08] Assignement 1.INFO: Requested info about:  [] []
[2018-05-02 17:32:09] Assignement 1.INFO: Requested info about all unicorns [] []
[2018-05-02 17:32:17] Assignement 1.INFO: Requested info about:  [] []
[2018-05-02 17:32:25] Assignement 1.INFO: Requested info about all unicorns [] []
[2018-05-02 17:32:38] Assignement 1.INFO: Requested info about:  [] []
[2018-05-02 17:32:41] Assignement 1.INFO: Requested info about all unicorns [] []
[2018-05-02 17:32:43] Assignement 1.INFO: Requested info about:  [] []
[2018-05-02 17:33:10] Assignement 1.INFO: Requested info about all unicorns [] []
[2018-05-02 17:33:12] Assignement 1.INFO: Requested info about:  [] []
[2018-05-02 17:34:40] Assignement 1.INFO: Requested info about all unicorns [] []
[2018-05-02 17:34:46] Assignement 1.INFO: Requested info about all unicorns [] []
[2018-05-02 17:34:47] Assignement 1.INFO: Requested info about all unicorns [] []
[2018-05-02 17:34:49] Assignement 1.INFO: Requested info about: Nordsvensk travhörning [] []
[2018-05-02 17:34:52] Assignement 1.INFO: Requested info about all unicorns [] []
[2018-05-02 17:34:53] Assignement 1.INFO: Requested info about: Nattaktiv hornlöpare [] []
[2018-05-02 17:34:56] Assignement 1.INFO: Requested info about all unicorns [] []
[2018-05-02 17:34:59] Assignement 1.INFO: Requested info about: Karibisk strandponny [] []
[2018-05-02 17:40:45] Assignement 1.INFO: Requested info about: Karibisk strandponny [] []
[2018-05-02 17:41:29] Assignement 1.INFO: Requested info about: Karibisk strandponny [] []
[2018-05-02 17:43:07] Assignement 1.INFO: Requested info about: Karibisk strandponny [] []
[2018-05-02 17:43:36] Assignement 1.INFO: Requested info about: Karibisk strandponny [] []
[2018-05-02 17:43:47] Assignement 1.INFO: Requested info about: Karibisk strandponny [] []
[2018-05-02 17:44:26] Assignement 1.INFO: Requested info about: Karibisk strandponny [] []
[2018-05-02 17:44:38] Assignement 1.INFO: Requested info about: Karibisk strandponny [] []
[2018-05-02 17:44:50] Assignement 1.INFO: Requested info about: Karibisk strandponny [] []
[2018-05-02 17:45:31] Assignement 1.INFO: Requested info about: Karibisk strandponny [] []
[2018-05-02 17:45:36] Assignement 1.INFO: Requested info about: Mulfläckad enhörning [] []
[2018-05-02 17:45:38] Assignement 1.INFO: Requested info about all unicorns [] []
[2018-05-02 17:45:39] Assignement 1.INFO: Requested info about: Karibisk strandponny [] []
[2018-05-02 17:46:01] Assignement 1.INFO: Requested info about: Karibisk strandponny [] []
[2018-05-02 17:46:17] Assignement 1.INFO: Requested info about: Karibisk strandponny [] []
[2018-05-02 17:46:50] Assignement 1.INFO: Requested info about: Karibisk strandponny [] []
[2018-05-02 17:47:09] Assignement 1.INFO: Requested info about: Karibisk strandponny [] []
[2018-05-02 17:47:17] Assignement 1.INFO: Requested info about: Karibisk strandponny [] []
[2018-05-02 17:49:47] Assignement 1.INFO: Requested info about: Karibisk strandponny [] []
[2018-05-02 17:50:00] Assignement 1.INFO: Requested info about: Karibisk strandponny [] []
[2018-05-02 17:50:07] Assignement 1.INFO: Requested info about all unicorns [] []
[2018-05-02 17:50:08] Assignement 1.INFO: Requested info about: Nattaktiv hornlöpare [] []
[2018-05-02 17:50:20] Assignement 1.INFO: Requested info about all unicorns [] []
[2018-05-02 17:50:22] Assignement 1.INFO: Requested info about: Indisk enhörning [] []
[2018-05-02 17:50:59] Assignement 1.INFO: Requested info about: Indisk enhörning [] []
[2018-05-02 17:51:00] Assignement 1.INFO: Requested info about: Indisk enhörning [] []
[2018-05-02 17:51:13] Assignement 1.INFO: Requested info about: Indisk enhörning [] []
[2018-05-02 17:51:15] Assignement 1.INFO: Requested info about all unicorns [] []
[2018-05-02 17:51:16] Assignement 1.INFO: Requested info about: Nordsvensk travhörning [] []
[2018-05-02 17:51:18] Assignement 1.INFO: Requested info about all unicorns [] []
[2018-05-02 17:51:20] Assignement 1.INFO: Requested info about: Tordönsenhörning [] []
[2018-05-02 17:51:23] Assignement 1.INFO: Requested info about all unicorns [] []
[2018-05-02 17:51:24] Assignement 1.INFO: Requested info about: Karibisk strandponny [] []
[2018-05-02 17:51:44] Assignement 1.INFO: Requested info about: Karibisk strandponny [] []
[2018-05-02 17:51:46] Assignement 1.INFO: Requested info about all unicorns [] []
[2018-05-02 17:51:49] Assignement 1.INFO: Requested info about: Nordsvensk travhörning [] []
[2018-05-02 17:51:51] Assignement 1.INFO: Requested info about all unicorns [] []
[2018-05-02 17:52:11] Assignement 1.INFO: Requested info about all unicorns [] []
[2018-05-02 17:52:16] Assignement 1.INFO: Requested info about all unicorns [] []
[2018-05-02 17:52:21] Assignement 1.INFO: Requested info about all unicorns [] []
[2018-05-02 17:52:27] Assignement 1.INFO: Requested info about all unicorns [] []
[2018-05-02 17:52:30] Assignement 1.INFO: Requested info about: Mulfläckad enhörning [] []
[2018-05-02 17:52:33] Assignement 1.INFO: Requested info about all unicorns [] []
[2018-05-02 17:53:52] Assignement 1.INFO: Requested info about all unicorns [] []
[2018-05-02 17:53:59] Assignement 1.INFO: Requested info about:  [] []
[2018-05-02 17:54:01] Assignement 1.INFO: Requested info about all unicorns [] []
[2018-05-02 17:54:07] Assignement 1.INFO: Requested info about: Nordsvensk travhörning [] []
[2018-05-02 17:54:09] Assignement 1.INFO: Requested info about all unicorns [] []
[2018-05-02 17:54:25] Assignement 1.INFO: Requested info about all unicorns [] []
[2018-05-02 17:54:26] Assignement 1.INFO: Requested info about: Nordsvensk travhörning [] []
[2018-05-02 17:55:11] Assignement 1.INFO: Requested info about all unicorns [] []
[2018-05-02 17:55:36] Assignement 1.INFO: Requested info about all unicorns [] []
[2018-05-02 17:55:51] Assignement 1.INFO: Requested info about all unicorns [] []
